<?xml version="1.0" encoding="UTF-8"?>
<testsuite xmlns:xsi="http://www.w3.org/2001/XMLSchema-instance" xsi:noNamespaceSchemaLocation="https://maven.apache.org/surefire/maven-surefire-plugin/xsd/surefire-test-report-3.0.xsd" version="3.0" name="algorithms.MaxHeapTest" time="0.095" tests="6" errors="0" skipped="0" failures="0">
  <properties>
[...]
</properties>
  <testcase name="testDuplicates" classname="algorithms.MaxHeapTest" time="0.042"/>
  <testcase name="testSingleElement" classname="algorithms.MaxHeapTest" time="0.001"/>
  <testcase name="testInsertAndExtract" classname="algorithms.MaxHeapTest" time="0.002"/>
  <testcase name="testHeapPropertyMaintained" classname="algorithms.MaxHeapTest" time="0.006"/>
  <testcase name="testIncreaseKey" classname="algorithms.MaxHeapTest" time="0.002"/>
  <testcase name="testPerformanceTracking" classname="algorithms.MaxHeapTest" time="0.001"/>
</testsuite>